<?xml version="1.0" encoding="UTF-8"?>
<testsuite name="mpp.ComputerRepairRequestTest" tests="2" skipped="0" failures="0" errors="0" timestamp="2025-03-11T11:22:59" hostname="pop-os" time="0.009">
  <properties/>
  <testcase name="Test Getters and Setters" classname="mpp.ComputerRepairRequestTest" time="0.007"/>
  <testcase name="Test Constructor" classname="mpp.ComputerRepairRequestTest" time="0.001"/>
  <system-out><![CDATA[]]></system-out>
  <system-err><![CDATA[]]></system-err>
</testsuite>
